<?xml version="1.0" encoding="UTF-8"?>
<!-- Generated by org.testng.reporters.JUnitReportReporter -->
<testsuite skipped="0" hostname="VelMurugan-PC" name="samplegittest.SampleGitTest" tests="1" failures="0" timestamp="15 Apr 2018 05:50:36 GMT" time="39.644" errors="0">
  <testcase name="loginTest" time="39.644" classname="samplegittest.SampleGitTest"/>
</testsuite> <!-- samplegittest.SampleGitTest -->
